  ASCII-Donut-CPP.cpp
D:\NanoDNA Studios\Programming\ASCII-Donut-CPP\ASCII-Donut-CPP\Donut.h(135,30): warning C4244: 'argument': conversion from 'int' to 'float', possible loss of data
  (compiling source file 'ASCII-Donut-CPP.cpp')
  
D:\NanoDNA Studios\Programming\ASCII-Donut-CPP\ASCII-Donut-CPP\Donut.h(135,16): warning C4244: 'argument': conversion from 'int' to 'float', possible loss of data
  (compiling source file 'ASCII-Donut-CPP.cpp')
  
D:\NanoDNA Studios\Programming\ASCII-Donut-CPP\ASCII-Donut-CPP\Donut.h(135,15): warning C4244: '=': conversion from 'float' to 'int', possible loss of data
  (compiling source file 'ASCII-Donut-CPP.cpp')
  
D:\NanoDNA Studios\Programming\ASCII-Donut-CPP\ASCII-Donut-CPP\Donut.h(136,31): warning C4244: 'argument': conversion from 'int' to 'float', possible loss of data
  (compiling source file 'ASCII-Donut-CPP.cpp')
  
D:\NanoDNA Studios\Programming\ASCII-Donut-CPP\ASCII-Donut-CPP\Donut.h(136,16): warning C4244: 'argument': conversion from 'int' to 'float', possible loss of data
  (compiling source file 'ASCII-Donut-CPP.cpp')
  
D:\NanoDNA Studios\Programming\ASCII-Donut-CPP\ASCII-Donut-CPP\Donut.h(136,15): warning C4244: '=': conversion from 'float' to 'int', possible loss of data
  (compiling source file 'ASCII-Donut-CPP.cpp')
  
D:\NanoDNA Studios\Programming\ASCII-Donut-CPP\ASCII-Donut-CPP\Donut.h(165,88): warning C4244: 'argument': conversion from 'int' to 'float', possible loss of data
  (compiling source file 'ASCII-Donut-CPP.cpp')
  
D:\NanoDNA Studios\Programming\ASCII-Donut-CPP\ASCII-Donut-CPP\Donut.h(165,45): warning C4244: 'argument': conversion from 'int' to 'float', possible loss of data
  (compiling source file 'ASCII-Donut-CPP.cpp')
  
D:\NanoDNA Studios\Programming\ASCII-Donut-CPP\ASCII-Donut-CPP\Donut.h(165,44): warning C4244: '=': conversion from 'float' to 'int', possible loss of data
  (compiling source file 'ASCII-Donut-CPP.cpp')
  
  Donut.cpp
D:\NanoDNA Studios\Programming\ASCII-Donut-CPP\ASCII-Donut-CPP\Donut.h(135,30): warning C4244: 'argument': conversion from 'int' to 'float', possible loss of data
  (compiling source file 'Donut.cpp')
  
D:\NanoDNA Studios\Programming\ASCII-Donut-CPP\ASCII-Donut-CPP\Donut.h(135,16): warning C4244: 'argument': conversion from 'int' to 'float', possible loss of data
  (compiling source file 'Donut.cpp')
  
D:\NanoDNA Studios\Programming\ASCII-Donut-CPP\ASCII-Donut-CPP\Donut.h(135,15): warning C4244: '=': conversion from 'float' to 'int', possible loss of data
  (compiling source file 'Donut.cpp')
  
D:\NanoDNA Studios\Programming\ASCII-Donut-CPP\ASCII-Donut-CPP\Donut.h(136,31): warning C4244: 'argument': conversion from 'int' to 'float', possible loss of data
  (compiling source file 'Donut.cpp')
  
D:\NanoDNA Studios\Programming\ASCII-Donut-CPP\ASCII-Donut-CPP\Donut.h(136,16): warning C4244: 'argument': conversion from 'int' to 'float', possible loss of data
  (compiling source file 'Donut.cpp')
  
D:\NanoDNA Studios\Programming\ASCII-Donut-CPP\ASCII-Donut-CPP\Donut.h(136,15): warning C4244: '=': conversion from 'float' to 'int', possible loss of data
  (compiling source file 'Donut.cpp')
  
D:\NanoDNA Studios\Programming\ASCII-Donut-CPP\ASCII-Donut-CPP\Donut.h(165,88): warning C4244: 'argument': conversion from 'int' to 'float', possible loss of data
  (compiling source file 'Donut.cpp')
  
D:\NanoDNA Studios\Programming\ASCII-Donut-CPP\ASCII-Donut-CPP\Donut.h(165,45): warning C4244: 'argument': conversion from 'int' to 'float', possible loss of data
  (compiling source file 'Donut.cpp')
  
D:\NanoDNA Studios\Programming\ASCII-Donut-CPP\ASCII-Donut-CPP\Donut.h(165,44): warning C4244: '=': conversion from 'float' to 'int', possible loss of data
  (compiling source file 'Donut.cpp')
  
  Generating Code...
  ASCII-Donut-CPP.vcxproj -> D:\NanoDNA Studios\Programming\ASCII-Donut-CPP\ASCII-Donut-CPP\x64\Debug\ASCII-Donut-CPP.exe
